1752253068.281129 client started (20642): version 3.5a, socket /private/tmp/tmux-501/default, protocol 8
1752253068.281197 on Darwin 24.5.0 Darwin Kernel Version 24.5.0: Tue Apr 22 19:54:26 PDT 2025; root:xnu-11417.121.6~2/RELEASE_ARM64_T8112
1752253068.281211 using libevent 2.1.12-stable select
1752253068.281554 using utf8proc 2.10.0
1752253068.281570 using ncurses 6.5 20240427
1752253068.281592 flags are 0x18010000
1752253068.281601 socket is /private/tmp/tmux-501/default
1752253068.281615 trying connect
1752253068.281635 connect failed: Connection refused
1752253068.281653 lock file is /private/tmp/tmux-501/default.lock
1752253068.281793 flock succeeded
1752253068.281804 got lock (6)
1752253068.281814 trying connect
1752253068.281827 connect failed: Connection refused
1752253068.282341 add peer 0x130008000: 7 (0x0)
1752253068.286063 sending message 111 to peer 0x130008000 (8 bytes)
1752253068.286102 sending message 111 to peer 0x130008000 (8 bytes)
1752253068.286117 sending message 101 to peer 0x130008000 (15 bytes)
1752253068.286126 sending message 109 to peer 0x130008000 (4 bytes)
1752253068.286134 sending message 102 to peer 0x130008000 (13 bytes)
1752253068.286141 sending message 108 to peer 0x130008000 (63 bytes)
1752253068.286149 sending message 112 to peer 0x130008000 (58 bytes)
1752253068.286164 sending message 112 to peer 0x130008000 (5 bytes)
1752253068.286173 sending message 112 to peer 0x130008000 (5 bytes)
1752253068.286185 sending message 112 to peer 0x130008000 (6 bytes)
1752253068.286193 sending message 112 to peer 0x130008000 (6 bytes)
1752253068.286200 sending message 112 to peer 0x130008000 (11 bytes)
1752253068.286211 sending message 112 to peer 0x130008000 (10 bytes)
1752253068.286225 sending message 112 to peer 0x130008000 (13 bytes)
1752253068.286238 sending message 112 to peer 0x130008000 (14 bytes)
1752253068.286245 sending message 112 to peer 0x130008000 (19 bytes)
1752253068.286258 sending message 112 to peer 0x130008000 (11 bytes)
1752253068.286264 sending message 112 to peer 0x130008000 (10 bytes)
1752253068.286276 sending message 112 to peer 0x130008000 (15 bytes)
1752253068.286283 sending message 112 to peer 0x130008000 (21 bytes)
1752253068.286290 sending message 112 to peer 0x130008000 (13 bytes)
1752253068.286298 sending message 112 to peer 0x130008000 (7 bytes)
1752253068.286318 sending message 112 to peer 0x130008000 (13 bytes)
1752253068.286336 sending message 112 to peer 0x130008000 (7 bytes)
1752253068.286346 sending message 112 to peer 0x130008000 (13 bytes)
1752253068.286355 sending message 112 to peer 0x130008000 (9 bytes)
1752253068.286363 sending message 112 to peer 0x130008000 (21 bytes)
1752253068.286384 sending message 112 to peer 0x130008000 (13 bytes)
1752253068.286415 sending message 112 to peer 0x130008000 (9 bytes)
1752253068.286428 sending message 112 to peer 0x130008000 (16 bytes)
1752253068.286437 sending message 112 to peer 0x130008000 (13 bytes)
1752253068.286446 sending message 112 to peer 0x130008000 (9 bytes)
1752253068.286455 sending message 112 to peer 0x130008000 (9 bytes)
1752253068.286463 sending message 112 to peer 0x130008000 (12 bytes)
1752253068.286471 sending message 112 to peer 0x130008000 (8 bytes)
1752253068.286479 sending message 112 to peer 0x130008000 (8 bytes)
1752253068.286487 sending message 112 to peer 0x130008000 (13 bytes)
1752253068.286496 sending message 112 to peer 0x130008000 (7 bytes)
1752253068.286504 sending message 112 to peer 0x130008000 (7 bytes)
1752253068.286512 sending message 112 to peer 0x130008000 (9 bytes)
1752253068.286519 sending message 112 to peer 0x130008000 (9 bytes)
1752253068.286527 sending message 112 to peer 0x130008000 (15 bytes)
1752253068.286535 sending message 112 to peer 0x130008000 (13 bytes)
1752253068.286543 sending message 112 to peer 0x130008000 (12 bytes)
1752253068.286552 sending message 112 to peer 0x130008000 (8 bytes)
1752253068.286560 sending message 112 to peer 0x130008000 (14 bytes)
1752253068.286568 sending message 112 to peer 0x130008000 (11 bytes)
1752253068.286576 sending message 112 to peer 0x130008000 (9 bytes)
1752253068.286608 sending message 112 to peer 0x130008000 (10 bytes)
1752253068.286615 sending message 112 to peer 0x130008000 (10 bytes)
1752253068.286622 sending message 112 to peer 0x130008000 (10 bytes)
1752253068.286628 sending message 112 to peer 0x130008000 (10 bytes)
1752253068.286636 sending message 112 to peer 0x130008000 (11 bytes)
1752253068.286642 sending message 112 to peer 0x130008000 (12 bytes)
1752253068.286649 sending message 112 to peer 0x130008000 (12 bytes)
1752253068.286655 sending message 112 to peer 0x130008000 (12 bytes)
1752253068.286662 sending message 112 to peer 0x130008000 (12 bytes)
1752253068.286668 sending message 112 to peer 0x130008000 (12 bytes)
1752253068.286676 sending message 112 to peer 0x130008000 (11 bytes)
1752253068.286682 sending message 112 to peer 0x130008000 (11 bytes)
1752253068.286688 sending message 112 to peer 0x130008000 (12 bytes)
1752253068.286694 sending message 112 to peer 0x130008000 (12 bytes)
1752253068.286700 sending message 112 to peer 0x130008000 (12 bytes)
1752253068.286706 sending message 112 to peer 0x130008000 (12 bytes)
1752253068.286712 sending message 112 to peer 0x130008000 (12 bytes)
1752253068.286718 sending message 112 to peer 0x130008000 (9 bytes)
1752253068.286725 sending message 112 to peer 0x130008000 (12 bytes)
1752253068.286731 sending message 112 to peer 0x130008000 (13 bytes)
1752253068.286736 sending message 112 to peer 0x130008000 (13 bytes)
1752253068.286742 sending message 112 to peer 0x130008000 (13 bytes)
1752253068.286748 sending message 112 to peer 0x130008000 (13 bytes)
1752253068.286755 sending message 112 to peer 0x130008000 (13 bytes)
1752253068.286761 sending message 112 to peer 0x130008000 (8 bytes)
1752253068.286767 sending message 112 to peer 0x130008000 (11 bytes)
1752253068.286773 sending message 112 to peer 0x130008000 (11 bytes)
1752253068.286779 sending message 112 to peer 0x130008000 (11 bytes)
1752253068.286786 sending message 112 to peer 0x130008000 (12 bytes)
1752253068.286791 sending message 112 to peer 0x130008000 (12 bytes)
1752253068.286796 sending message 112 to peer 0x130008000 (12 bytes)
1752253068.286802 sending message 112 to peer 0x130008000 (12 bytes)
1752253068.286807 sending message 112 to peer 0x130008000 (13 bytes)
1752253068.286813 sending message 112 to peer 0x130008000 (13 bytes)
1752253068.286819 sending message 112 to peer 0x130008000 (13 bytes)
1752253068.286825 sending message 112 to peer 0x130008000 (8 bytes)
1752253068.286831 sending message 112 to peer 0x130008000 (13 bytes)
1752253068.286837 sending message 112 to peer 0x130008000 (13 bytes)
1752253068.286843 sending message 112 to peer 0x130008000 (13 bytes)
1752253068.286850 sending message 112 to peer 0x130008000 (13 bytes)
1752253068.286856 sending message 112 to peer 0x130008000 (13 bytes)
1752253068.286869 sending message 112 to peer 0x130008000 (12 bytes)
1752253068.286876 sending message 112 to peer 0x130008000 (12 bytes)
1752253068.286882 sending message 112 to peer 0x130008000 (12 bytes)
1752253068.286888 sending message 112 to peer 0x130008000 (12 bytes)
1752253068.286894 sending message 112 to peer 0x130008000 (13 bytes)
1752253068.286900 sending message 112 to peer 0x130008000 (8 bytes)
1752253068.286906 sending message 112 to peer 0x130008000 (13 bytes)
1752253068.286912 sending message 112 to peer 0x130008000 (13 bytes)
1752253068.286919 sending message 112 to peer 0x130008000 (13 bytes)
1752253068.286925 sending message 112 to peer 0x130008000 (13 bytes)
1752253068.286930 sending message 112 to peer 0x130008000 (13 bytes)
1752253068.286936 sending message 112 to peer 0x130008000 (13 bytes)
1752253068.286942 sending message 112 to peer 0x130008000 (13 bytes)
1752253068.286949 sending message 112 to peer 0x130008000 (12 bytes)
1752253068.286955 sending message 112 to peer 0x130008000 (12 bytes)
1752253068.286961 sending message 112 to peer 0x130008000 (12 bytes)
1752253068.286967 sending message 112 to peer 0x130008000 (8 bytes)
1752253068.286973 sending message 112 to peer 0x130008000 (12 bytes)
1752253068.286978 sending message 112 to peer 0x130008000 (13 bytes)
1752253068.286992 sending message 112 to peer 0x130008000 (13 bytes)
1752253068.286999 sending message 112 to peer 0x130008000 (13 bytes)
1752253068.287006 sending message 112 to peer 0x130008000 (13 bytes)
1752253068.287013 sending message 112 to peer 0x130008000 (13 bytes)
1752253068.287020 sending message 112 to peer 0x130008000 (13 bytes)
1752253068.287027 sending message 112 to peer 0x130008000 (13 bytes)
1752253068.287033 sending message 112 to peer 0x130008000 (13 bytes)
1752253068.287040 sending message 112 to peer 0x130008000 (12 bytes)
1752253068.287046 sending message 112 to peer 0x130008000 (10 bytes)
1752253068.287053 sending message 112 to peer 0x130008000 (12 bytes)
1752253068.287060 sending message 112 to peer 0x130008000 (12 bytes)
1752253068.287067 sending message 112 to peer 0x130008000 (12 bytes)
1752253068.287073 sending message 112 to peer 0x130008000 (13 bytes)
1752253068.287079 sending message 112 to peer 0x130008000 (13 bytes)
1752253068.287086 sending message 112 to peer 0x130008000 (13 bytes)
1752253068.287092 sending message 112 to peer 0x130008000 (13 bytes)
1752253068.287099 sending message 112 to peer 0x130008000 (13 bytes)
1752253068.287106 sending message 112 to peer 0x130008000 (13 bytes)
1752253068.287112 sending message 112 to peer 0x130008000 (13 bytes)
1752253068.287184 sending message 112 to peer 0x130008000 (10 bytes)
1752253068.287198 sending message 112 to peer 0x130008000 (13 bytes)
1752253068.287207 sending message 112 to peer 0x130008000 (12 bytes)
1752253068.287214 sending message 112 to peer 0x130008000 (12 bytes)
1752253068.287221 sending message 112 to peer 0x130008000 (12 bytes)
1752253068.287228 sending message 112 to peer 0x130008000 (10 bytes)
1752253068.287234 sending message 112 to peer 0x130008000 (10 bytes)
1752253068.287241 sending message 112 to peer 0x130008000 (10 bytes)
1752253068.287247 sending message 112 to peer 0x130008000 (12 bytes)
1752253068.287253 sending message 112 to peer 0x130008000 (13 bytes)
1752253068.287259 sending message 112 to peer 0x130008000 (13 bytes)
1752253068.287265 sending message 112 to peer 0x130008000 (13 bytes)
1752253068.287271 sending message 112 to peer 0x130008000 (13 bytes)
1752253068.287277 sending message 112 to peer 0x130008000 (13 bytes)
1752253068.287283 sending message 112 to peer 0x130008000 (10 bytes)
1752253068.287289 sending message 112 to peer 0x130008000 (11 bytes)
1752253068.287296 sending message 112 to peer 0x130008000 (12 bytes)
1752253068.287302 sending message 112 to peer 0x130008000 (12 bytes)
1752253068.287308 sending message 112 to peer 0x130008000 (12 bytes)
1752253068.287313 sending message 112 to peer 0x130008000 (12 bytes)
1752253068.287319 sending message 112 to peer 0x130008000 (12 bytes)
1752253068.287325 sending message 112 to peer 0x130008000 (11 bytes)
1752253068.287332 sending message 112 to peer 0x130008000 (12 bytes)
1752253068.287338 sending message 112 to peer 0x130008000 (12 bytes)
1752253068.287344 sending message 112 to peer 0x130008000 (13 bytes)
1752253068.287350 sending message 112 to peer 0x130008000 (13 bytes)
1752253068.287356 sending message 112 to peer 0x130008000 (13 bytes)
1752253068.287362 sending message 112 to peer 0x130008000 (13 bytes)
1752253068.287367 sending message 112 to peer 0x130008000 (13 bytes)
1752253068.287372 sending message 112 to peer 0x130008000 (10 bytes)
1752253068.287378 sending message 112 to peer 0x130008000 (9 bytes)
1752253068.287384 sending message 112 to peer 0x130008000 (12 bytes)
1752253068.287392 sending message 112 to peer 0x130008000 (13 bytes)
1752253068.287396 sending message 112 to peer 0x130008000 (13 bytes)
1752253068.287401 sending message 112 to peer 0x130008000 (13 bytes)
1752253068.287406 sending message 112 to peer 0x130008000 (13 bytes)
1752253068.287411 sending message 112 to peer 0x130008000 (13 bytes)
1752253068.287416 sending message 112 to peer 0x130008000 (9 bytes)
1752253068.287422 sending message 112 to peer 0x130008000 (12 bytes)
1752253068.287428 sending message 112 to peer 0x130008000 (13 bytes)
1752253068.287446 sending message 112 to peer 0x130008000 (13 bytes)
1752253068.287453 sending message 112 to peer 0x130008000 (13 bytes)
1752253068.287461 sending message 112 to peer 0x130008000 (13 bytes)
1752253068.287468 sending message 112 to peer 0x130008000 (13 bytes)
1752253068.287474 sending message 112 to peer 0x130008000 (11 bytes)
1752253068.287481 sending message 112 to peer 0x130008000 (12 bytes)
1752253068.287487 sending message 112 to peer 0x130008000 (13 bytes)
1752253068.287494 sending message 112 to peer 0x130008000 (13 bytes)
1752253068.287500 sending message 112 to peer 0x130008000 (13 bytes)
1752253068.287506 sending message 112 to peer 0x130008000 (13 bytes)
1752253068.287512 sending message 112 to peer 0x130008000 (13 bytes)
1752253068.287518 sending message 112 to peer 0x130008000 (11 bytes)
1752253068.287524 sending message 112 to peer 0x130008000 (12 bytes)
1752253068.287530 sending message 112 to peer 0x130008000 (12 bytes)
1752253068.287536 sending message 112 to peer 0x130008000 (12 bytes)
1752253068.287542 sending message 112 to peer 0x130008000 (12 bytes)
1752253068.287548 sending message 112 to peer 0x130008000 (12 bytes)
1752253068.287554 sending message 112 to peer 0x130008000 (21 bytes)
1752253068.287560 sending message 112 to peer 0x130008000 (12 bytes)
1752253068.287566 sending message 112 to peer 0x130008000 (9 bytes)
1752253068.287572 sending message 112 to peer 0x130008000 (6 bytes)
1752253068.287578 sending message 112 to peer 0x130008000 (13 bytes)
1752253068.287586 sending message 112 to peer 0x130008000 (10 bytes)
1752253068.287592 sending message 112 to peer 0x130008000 (24 bytes)
1752253068.287599 sending message 112 to peer 0x130008000 (13 bytes)
1752253068.287605 sending message 112 to peer 0x130008000 (9 bytes)
1752253068.287612 sending message 112 to peer 0x130008000 (70 bytes)
1752253068.287617 sending message 112 to peer 0x130008000 (69 bytes)
1752253068.287624 sending message 112 to peer 0x130008000 (12 bytes)
1752253068.287631 sending message 112 to peer 0x130008000 (10 bytes)
1752253068.287637 sending message 112 to peer 0x130008000 (10 bytes)
1752253068.287643 sending message 112 to peer 0x130008000 (24 bytes)
1752253068.287649 sending message 112 to peer 0x130008000 (13 bytes)
1752253068.287655 sending message 112 to peer 0x130008000 (10 bytes)
1752253068.287662 sending message 112 to peer 0x130008000 (10 bytes)
1752253068.287673 sending message 112 to peer 0x130008000 (10 bytes)
1752253068.287681 sending message 112 to peer 0x130008000 (13 bytes)
1752253068.287687 sending message 112 to peer 0x130008000 (15 bytes)
1752253068.287693 sending message 112 to peer 0x130008000 (5 bytes)
1752253068.287699 sending message 104 to peer 0x130008000 (0 bytes)
1752253068.287706 sending message 110 to peer 0x130008000 (0 bytes)
1752253068.287712 sending message 107 to peer 0x130008000 (4 bytes)
1752253068.287719 sending message 105 to peer 0x130008000 (20 bytes)
1752253068.287725 sending message 105 to peer 0x130008000 (20 bytes)
1752253068.287732 sending message 105 to peer 0x130008000 (15 bytes)
1752253068.287738 sending message 105 to peer 0x130008000 (34 bytes)
1752253068.287743 sending message 105 to peer 0x130008000 (57 bytes)
1752253068.287749 sending message 105 to peer 0x130008000 (14 bytes)
1752253068.287754 sending message 105 to peer 0x130008000 (29 bytes)
1752253068.287759 sending message 105 to peer 0x130008000 (30 bytes)
1752253068.287765 sending message 105 to peer 0x130008000 (21 bytes)
1752253068.287769 sending message 105 to peer 0x130008000 (39 bytes)
1752253068.287776 sending message 105 to peer 0x130008000 (17 bytes)
1752253068.287782 sending message 105 to peer 0x130008000 (11 bytes)
1752253068.287788 sending message 105 to peer 0x130008000 (22 bytes)
1752253068.287793 sending message 105 to peer 0x130008000 (35 bytes)
1752253068.287799 sending message 105 to peer 0x130008000 (66 bytes)
1752253068.287805 sending message 105 to peer 0x130008000 (29 bytes)
1752253068.287811 sending message 105 to peer 0x130008000 (34 bytes)
1752253068.287827 sending message 105 to peer 0x130008000 (33 bytes)
1752253068.287834 sending message 105 to peer 0x130008000 (11 bytes)
1752253068.287841 sending message 105 to peer 0x130008000 (847 bytes)
1752253068.287847 sending message 105 to peer 0x130008000 (54 bytes)
1752253068.287853 sending message 105 to peer 0x130008000 (26 bytes)
1752253068.287859 sending message 105 to peer 0x130008000 (28 bytes)
1752253068.287865 sending message 105 to peer 0x130008000 (42 bytes)
1752253068.287871 sending message 105 to peer 0x130008000 (67 bytes)
1752253068.287877 sending message 105 to peer 0x130008000 (17 bytes)
1752253068.287883 sending message 105 to peer 0x130008000 (115 bytes)
1752253068.287889 sending message 105 to peer 0x130008000 (31 bytes)
1752253068.287895 sending message 105 to peer 0x130008000 (14 bytes)
1752253068.287902 sending message 105 to peer 0x130008000 (25 bytes)
1752253068.287907 sending message 105 to peer 0x130008000 (7 bytes)
1752253068.287913 sending message 105 to peer 0x130008000 (19 bytes)
1752253068.287918 sending message 105 to peer 0x130008000 (19 bytes)
1752253068.287924 sending message 105 to peer 0x130008000 (167 bytes)
1752253068.287931 sending message 105 to peer 0x130008000 (8 bytes)
1752253068.287937 sending message 105 to peer 0x130008000 (18 bytes)
1752253068.287944 sending message 105 to peer 0x130008000 (120 bytes)
1752253068.287950 sending message 105 to peer 0x130008000 (20 bytes)
1752253068.287958 sending message 105 to peer 0x130008000 (30 bytes)
1752253068.287964 sending message 105 to peer 0x130008000 (43 bytes)
1752253068.287969 sending message 105 to peer 0x130008000 (14 bytes)
1752253068.287975 sending message 105 to peer 0x130008000 (98 bytes)
1752253068.287980 sending message 105 to peer 0x130008000 (23 bytes)
1752253068.287986 sending message 105 to peer 0x130008000 (142 bytes)
1752253068.287992 sending message 105 to peer 0x130008000 (103 bytes)
1752253068.287998 sending message 105 to peer 0x130008000 (110 bytes)
1752253068.288004 sending message 105 to peer 0x130008000 (37 bytes)
1752253068.288011 sending message 105 to peer 0x130008000 (24 bytes)
1752253068.288017 sending message 105 to peer 0x130008000 (20 bytes)
1752253068.288024 sending message 105 to peer 0x130008000 (70 bytes)
1752253068.288030 sending message 105 to peer 0x130008000 (35 bytes)
1752253068.288036 sending message 105 to peer 0x130008000 (59 bytes)
1752253068.288043 sending message 105 to peer 0x130008000 (25 bytes)
1752253068.288051 sending message 106 to peer 0x130008000 (0 bytes)
1752253068.288162 sending message 200 to peer 0x130008000 (4 bytes)
1752253068.288170 client loop enter
1752253068.288199 client_signal: Child exited: 20
1752253068.345826 peer 0x130008000 message 207
1752253068.345833 sending message 208 to peer 0x130008000 (0 bytes)
1752253402.143577 client_signal: Hangup: 1
1752253402.143856 sending message 205 to peer 0x130008000 (0 bytes)
1752253402.144273 client loop exit
